[2022-02-19 16:23:57,272] {processor.py:163} INFO - Started process (PID=155) to work on /home/airflow/.local/lib/python3.7/site-packages/airflow/example_dags/example_branch_python_dop_operator_3.py
[2022-02-19 16:23:57,357] {processor.py:642} INFO - Processing file /home/airflow/.local/lib/python3.7/site-packages/airflow/example_dags/example_branch_python_dop_operator_3.py for tasks to queue
[2022-02-19 16:23:57,432] {logging_mixin.py:109} INFO - [2022-02-19 16:23:57,422] {dagbag.py:500} INFO - Filling up the DagBag from /home/airflow/.local/lib/python3.7/site-packages/airflow/example_dags/example_branch_python_dop_operator_3.py
[2022-02-19 16:23:58,958] {processor.py:654} INFO - DAG(s) dict_keys(['example_branch_dop_operator_v3']) retrieved from /home/airflow/.local/lib/python3.7/site-packages/airflow/example_dags/example_branch_python_dop_operator_3.py
[2022-02-19 16:25:24,233] {processor.py:163} INFO - Started process (PID=205) to work on /home/airflow/.local/lib/python3.7/site-packages/airflow/example_dags/example_branch_python_dop_operator_3.py
[2022-02-19 16:25:24,311] {processor.py:642} INFO - Processing file /home/airflow/.local/lib/python3.7/site-packages/airflow/example_dags/example_branch_python_dop_operator_3.py for tasks to queue
[2022-02-19 16:25:24,318] {logging_mixin.py:109} INFO - [2022-02-19 16:25:24,318] {dagbag.py:500} INFO - Filling up the DagBag from /home/airflow/.local/lib/python3.7/site-packages/airflow/example_dags/example_branch_python_dop_operator_3.py
[2022-02-19 16:25:27,449] {processor.py:654} INFO - DAG(s) dict_keys(['example_branch_dop_operator_v3']) retrieved from /home/airflow/.local/lib/python3.7/site-packages/airflow/example_dags/example_branch_python_dop_operator_3.py
[2022-02-19 17:58:56,435] {processor.py:163} INFO - Started process (PID=89) to work on /home/airflow/.local/lib/python3.7/site-packages/airflow/example_dags/example_branch_python_dop_operator_3.py
[2022-02-19 17:58:56,445] {processor.py:642} INFO - Processing file /home/airflow/.local/lib/python3.7/site-packages/airflow/example_dags/example_branch_python_dop_operator_3.py for tasks to queue
[2022-02-19 17:58:56,463] {logging_mixin.py:109} INFO - [2022-02-19 17:58:56,463] {dagbag.py:500} INFO - Filling up the DagBag from /home/airflow/.local/lib/python3.7/site-packages/airflow/example_dags/example_branch_python_dop_operator_3.py
[2022-02-19 17:58:57,303] {processor.py:654} INFO - DAG(s) dict_keys(['example_branch_dop_operator_v3']) retrieved from /home/airflow/.local/lib/python3.7/site-packages/airflow/example_dags/example_branch_python_dop_operator_3.py
[2022-02-19 17:59:58,409] {logging_mixin.py:109} INFO - [2022-02-19 17:59:58,409] {manager.py:496} INFO - Created Permission View: can read on DAG:example_branch_dop_operator_v3
[2022-02-19 17:59:58,894] {logging_mixin.py:109} INFO - [2022-02-19 17:59:58,894] {manager.py:496} INFO - Created Permission View: can edit on DAG:example_branch_dop_operator_v3
[2022-02-19 17:59:58,930] {logging_mixin.py:109} INFO - [2022-02-19 17:59:58,901] {dag.py:2396} INFO - Sync 1 DAGs
[2022-02-19 17:59:59,115] {logging_mixin.py:109} INFO - [2022-02-19 17:59:59,086] {dag.py:2415} INFO - Creating ORM DAG for example_branch_dop_operator_v3
[2022-02-19 17:59:59,489] {logging_mixin.py:109} INFO - [2022-02-19 17:59:59,489] {dag.py:2935} INFO - Setting next_dagrun for example_branch_dop_operator_v3 to 2022-02-19T17:58:00+00:00
[2022-02-19 17:59:59,778] {processor.py:171} INFO - Processing /home/airflow/.local/lib/python3.7/site-packages/airflow/example_dags/example_branch_python_dop_operator_3.py took 63.447 seconds
[2022-02-19 18:00:33,062] {processor.py:163} INFO - Started process (PID=147) to work on /home/airflow/.local/lib/python3.7/site-packages/airflow/example_dags/example_branch_python_dop_operator_3.py
[2022-02-19 18:00:33,141] {processor.py:642} INFO - Processing file /home/airflow/.local/lib/python3.7/site-packages/airflow/example_dags/example_branch_python_dop_operator_3.py for tasks to queue
[2022-02-19 18:00:33,155] {logging_mixin.py:109} INFO - [2022-02-19 18:00:33,155] {dagbag.py:500} INFO - Filling up the DagBag from /home/airflow/.local/lib/python3.7/site-packages/airflow/example_dags/example_branch_python_dop_operator_3.py
[2022-02-19 18:00:34,027] {processor.py:654} INFO - DAG(s) dict_keys(['example_branch_dop_operator_v3']) retrieved from /home/airflow/.local/lib/python3.7/site-packages/airflow/example_dags/example_branch_python_dop_operator_3.py
[2022-02-19 18:00:34,407] {logging_mixin.py:109} INFO - [2022-02-19 18:00:34,407] {dag.py:2396} INFO - Sync 1 DAGs
[2022-02-19 18:00:35,288] {logging_mixin.py:109} INFO - [2022-02-19 18:00:35,288] {dag.py:2935} INFO - Setting next_dagrun for example_branch_dop_operator_v3 to 2022-02-19T17:59:00+00:00
[2022-02-19 18:00:35,556] {processor.py:171} INFO - Processing /home/airflow/.local/lib/python3.7/site-packages/airflow/example_dags/example_branch_python_dop_operator_3.py took 2.613 seconds
[2022-02-19 18:02:03,013] {processor.py:163} INFO - Started process (PID=203) to work on /home/airflow/.local/lib/python3.7/site-packages/airflow/example_dags/example_branch_python_dop_operator_3.py
[2022-02-19 18:02:03,040] {processor.py:642} INFO - Processing file /home/airflow/.local/lib/python3.7/site-packages/airflow/example_dags/example_branch_python_dop_operator_3.py for tasks to queue
[2022-02-19 18:02:03,054] {logging_mixin.py:109} INFO - [2022-02-19 18:02:03,054] {dagbag.py:500} INFO - Filling up the DagBag from /home/airflow/.local/lib/python3.7/site-packages/airflow/example_dags/example_branch_python_dop_operator_3.py
[2022-02-19 18:02:03,775] {processor.py:654} INFO - DAG(s) dict_keys(['example_branch_dop_operator_v3']) retrieved from /home/airflow/.local/lib/python3.7/site-packages/airflow/example_dags/example_branch_python_dop_operator_3.py
[2022-02-19 18:02:04,103] {logging_mixin.py:109} INFO - [2022-02-19 18:02:04,102] {dag.py:2396} INFO - Sync 1 DAGs
[2022-02-19 18:02:05,093] {logging_mixin.py:109} INFO - [2022-02-19 18:02:05,093] {dag.py:2935} INFO - Setting next_dagrun for example_branch_dop_operator_v3 to 2022-02-19T18:01:00+00:00
[2022-02-19 18:02:05,972] {processor.py:171} INFO - Processing /home/airflow/.local/lib/python3.7/site-packages/airflow/example_dags/example_branch_python_dop_operator_3.py took 3.051 seconds
[2022-02-19 18:04:23,317] {processor.py:163} INFO - Started process (PID=271) to work on /home/airflow/.local/lib/python3.7/site-packages/airflow/example_dags/example_branch_python_dop_operator_3.py
[2022-02-19 18:04:23,366] {processor.py:642} INFO - Processing file /home/airflow/.local/lib/python3.7/site-packages/airflow/example_dags/example_branch_python_dop_operator_3.py for tasks to queue
[2022-02-19 18:04:23,427] {logging_mixin.py:109} INFO - [2022-02-19 18:04:23,426] {dagbag.py:500} INFO - Filling up the DagBag from /home/airflow/.local/lib/python3.7/site-packages/airflow/example_dags/example_branch_python_dop_operator_3.py
[2022-02-19 18:04:28,615] {processor.py:654} INFO - DAG(s) dict_keys(['example_branch_dop_operator_v3']) retrieved from /home/airflow/.local/lib/python3.7/site-packages/airflow/example_dags/example_branch_python_dop_operator_3.py
[2022-02-19 18:04:28,981] {logging_mixin.py:109} INFO - [2022-02-19 18:04:28,981] {dag.py:2396} INFO - Sync 1 DAGs
[2022-02-19 18:04:29,896] {logging_mixin.py:109} INFO - [2022-02-19 18:04:29,896] {dag.py:2935} INFO - Setting next_dagrun for example_branch_dop_operator_v3 to 2022-02-19T18:03:00+00:00
[2022-02-19 18:04:30,203] {processor.py:171} INFO - Processing /home/airflow/.local/lib/python3.7/site-packages/airflow/example_dags/example_branch_python_dop_operator_3.py took 7.184 seconds
