[2022-02-19 18:00:36,095] {processor.py:163} INFO - Started process (PID=148) to work on /home/airflow/.local/lib/python3.7/site-packages/airflow/example_dags/example_latest_only.py
[2022-02-19 18:00:36,154] {processor.py:642} INFO - Processing file /home/airflow/.local/lib/python3.7/site-packages/airflow/example_dags/example_latest_only.py for tasks to queue
[2022-02-19 18:00:36,211] {logging_mixin.py:109} INFO - [2022-02-19 18:00:36,191] {dagbag.py:500} INFO - Filling up the DagBag from /home/airflow/.local/lib/python3.7/site-packages/airflow/example_dags/example_latest_only.py
[2022-02-19 18:00:37,062] {processor.py:654} INFO - DAG(s) dict_keys(['latest_only']) retrieved from /home/airflow/.local/lib/python3.7/site-packages/airflow/example_dags/example_latest_only.py
[2022-02-19 18:01:46,549] {logging_mixin.py:109} INFO - [2022-02-19 18:01:46,549] {manager.py:496} INFO - Created Permission View: can read on DAG:latest_only
[2022-02-19 18:01:46,708] {logging_mixin.py:109} INFO - [2022-02-19 18:01:46,708] {manager.py:496} INFO - Created Permission View: can edit on DAG:latest_only
[2022-02-19 18:01:46,723] {logging_mixin.py:109} INFO - [2022-02-19 18:01:46,723] {dag.py:2396} INFO - Sync 1 DAGs
[2022-02-19 18:01:46,850] {logging_mixin.py:109} INFO - [2022-02-19 18:01:46,850] {dag.py:2415} INFO - Creating ORM DAG for latest_only
[2022-02-19 18:01:47,022] {logging_mixin.py:109} INFO - [2022-02-19 18:01:47,022] {dag.py:2935} INFO - Setting next_dagrun for latest_only to 2022-02-19T14:01:47.014753+00:00
[2022-02-19 18:01:47,342] {processor.py:171} INFO - Processing /home/airflow/.local/lib/python3.7/site-packages/airflow/example_dags/example_latest_only.py took 71.475 seconds
[2022-02-19 18:02:07,673] {processor.py:163} INFO - Started process (PID=204) to work on /home/airflow/.local/lib/python3.7/site-packages/airflow/example_dags/example_latest_only.py
[2022-02-19 18:02:07,777] {processor.py:642} INFO - Processing file /home/airflow/.local/lib/python3.7/site-packages/airflow/example_dags/example_latest_only.py for tasks to queue
[2022-02-19 18:02:07,898] {logging_mixin.py:109} INFO - [2022-02-19 18:02:07,783] {dagbag.py:500} INFO - Filling up the DagBag from /home/airflow/.local/lib/python3.7/site-packages/airflow/example_dags/example_latest_only.py
[2022-02-19 18:02:08,741] {processor.py:654} INFO - DAG(s) dict_keys(['latest_only']) retrieved from /home/airflow/.local/lib/python3.7/site-packages/airflow/example_dags/example_latest_only.py
[2022-02-19 18:02:09,134] {logging_mixin.py:109} INFO - [2022-02-19 18:02:09,134] {dag.py:2396} INFO - Sync 1 DAGs
[2022-02-19 18:02:09,670] {logging_mixin.py:109} INFO - [2022-02-19 18:02:09,670] {dag.py:2935} INFO - Setting next_dagrun for latest_only to 2022-02-19T14:02:09.659344+00:00
[2022-02-19 18:02:09,933] {processor.py:171} INFO - Processing /home/airflow/.local/lib/python3.7/site-packages/airflow/example_dags/example_latest_only.py took 2.305 seconds
[2022-02-19 18:04:31,250] {processor.py:163} INFO - Started process (PID=280) to work on /home/airflow/.local/lib/python3.7/site-packages/airflow/example_dags/example_latest_only.py
[2022-02-19 18:04:31,333] {processor.py:642} INFO - Processing file /home/airflow/.local/lib/python3.7/site-packages/airflow/example_dags/example_latest_only.py for tasks to queue
[2022-02-19 18:04:31,381] {logging_mixin.py:109} INFO - [2022-02-19 18:04:31,380] {dagbag.py:500} INFO - Filling up the DagBag from /home/airflow/.local/lib/python3.7/site-packages/airflow/example_dags/example_latest_only.py
[2022-02-19 18:04:33,953] {processor.py:654} INFO - DAG(s) dict_keys(['latest_only']) retrieved from /home/airflow/.local/lib/python3.7/site-packages/airflow/example_dags/example_latest_only.py
[2022-02-19 18:04:35,692] {logging_mixin.py:109} INFO - [2022-02-19 18:04:35,673] {dag.py:2396} INFO - Sync 1 DAGs
[2022-02-19 18:04:37,988] {logging_mixin.py:109} INFO - [2022-02-19 18:04:37,987] {dag.py:2935} INFO - Setting next_dagrun for latest_only to 2022-02-19T14:04:37.799046+00:00
[2022-02-19 18:04:52,238] {processor.py:171} INFO - Processing /home/airflow/.local/lib/python3.7/site-packages/airflow/example_dags/example_latest_only.py took 21.266 seconds
