[2022-02-19 16:23:13,567] {processor.py:163} INFO - Started process (PID=125) to work on /home/airflow/.local/lib/python3.7/site-packages/airflow/example_dags/tutorial_etl_dag.py
[2022-02-19 16:23:13,600] {processor.py:642} INFO - Processing file /home/airflow/.local/lib/python3.7/site-packages/airflow/example_dags/tutorial_etl_dag.py for tasks to queue
[2022-02-19 16:23:13,629] {logging_mixin.py:109} INFO - [2022-02-19 16:23:13,616] {dagbag.py:500} INFO - Filling up the DagBag from /home/airflow/.local/lib/python3.7/site-packages/airflow/example_dags/tutorial_etl_dag.py
[2022-02-19 16:23:14,017] {processor.py:654} INFO - DAG(s) dict_keys(['tutorial_etl_dag']) retrieved from /home/airflow/.local/lib/python3.7/site-packages/airflow/example_dags/tutorial_etl_dag.py
[2022-02-19 16:23:53,004] {logging_mixin.py:109} INFO - [2022-02-19 16:23:52,992] {manager.py:496} INFO - Created Permission View: can read on DAG:tutorial_etl_dag
[2022-02-19 16:23:53,471] {logging_mixin.py:109} INFO - [2022-02-19 16:23:53,471] {manager.py:496} INFO - Created Permission View: can edit on DAG:tutorial_etl_dag
[2022-02-19 16:23:53,491] {logging_mixin.py:109} INFO - [2022-02-19 16:23:53,473] {dag.py:2396} INFO - Sync 1 DAGs
[2022-02-19 16:23:53,718] {logging_mixin.py:109} INFO - [2022-02-19 16:23:53,717] {dag.py:2415} INFO - Creating ORM DAG for tutorial_etl_dag
[2022-02-19 16:23:54,185] {logging_mixin.py:109} INFO - [2022-02-19 16:23:54,180] {dag.py:2935} INFO - Setting next_dagrun for tutorial_etl_dag to None
[2022-02-19 16:23:54,796] {processor.py:171} INFO - Processing /home/airflow/.local/lib/python3.7/site-packages/airflow/example_dags/tutorial_etl_dag.py took 41.332 seconds
[2022-02-19 16:24:54,807] {processor.py:163} INFO - Started process (PID=186) to work on /home/airflow/.local/lib/python3.7/site-packages/airflow/example_dags/tutorial_etl_dag.py
[2022-02-19 16:24:54,829] {processor.py:642} INFO - Processing file /home/airflow/.local/lib/python3.7/site-packages/airflow/example_dags/tutorial_etl_dag.py for tasks to queue
[2022-02-19 16:24:54,863] {logging_mixin.py:109} INFO - [2022-02-19 16:24:54,863] {dagbag.py:500} INFO - Filling up the DagBag from /home/airflow/.local/lib/python3.7/site-packages/airflow/example_dags/tutorial_etl_dag.py
[2022-02-19 16:24:56,019] {processor.py:654} INFO - DAG(s) dict_keys(['tutorial_etl_dag']) retrieved from /home/airflow/.local/lib/python3.7/site-packages/airflow/example_dags/tutorial_etl_dag.py
[2022-02-19 16:24:56,326] {logging_mixin.py:109} INFO - [2022-02-19 16:24:56,325] {dag.py:2396} INFO - Sync 1 DAGs
[2022-02-19 16:24:56,820] {logging_mixin.py:109} INFO - [2022-02-19 16:24:56,819] {dag.py:2935} INFO - Setting next_dagrun for tutorial_etl_dag to None
[2022-02-19 16:24:57,534] {processor.py:171} INFO - Processing /home/airflow/.local/lib/python3.7/site-packages/airflow/example_dags/tutorial_etl_dag.py took 2.805 seconds
[2022-02-19 16:30:29,994] {processor.py:163} INFO - Started process (PID=308) to work on /home/airflow/.local/lib/python3.7/site-packages/airflow/example_dags/tutorial_etl_dag.py
[2022-02-19 16:30:31,947] {processor.py:642} INFO - Processing file /home/airflow/.local/lib/python3.7/site-packages/airflow/example_dags/tutorial_etl_dag.py for tasks to queue
[2022-02-19 16:30:40,073] {logging_mixin.py:109} INFO - [2022-02-19 16:30:37,620] {dagbag.py:500} INFO - Filling up the DagBag from /home/airflow/.local/lib/python3.7/site-packages/airflow/example_dags/tutorial_etl_dag.py
[2022-02-19 16:30:53,994] {processor.py:654} INFO - DAG(s) dict_keys(['tutorial_etl_dag']) retrieved from /home/airflow/.local/lib/python3.7/site-packages/airflow/example_dags/tutorial_etl_dag.py
[2022-02-19 16:30:55,566] {logging_mixin.py:109} INFO - [2022-02-19 16:30:55,537] {dag.py:2396} INFO - Sync 1 DAGs
[2022-02-19 16:30:57,381] {logging_mixin.py:109} INFO - [2022-02-19 16:30:57,370] {dag.py:2935} INFO - Setting next_dagrun for tutorial_etl_dag to None
[2022-02-19 16:31:13,677] {processor.py:171} INFO - Processing /home/airflow/.local/lib/python3.7/site-packages/airflow/example_dags/tutorial_etl_dag.py took 51.599 seconds
[2022-02-19 17:58:28,944] {processor.py:163} INFO - Started process (PID=78) to work on /home/airflow/.local/lib/python3.7/site-packages/airflow/example_dags/tutorial_etl_dag.py
[2022-02-19 17:58:29,341] {processor.py:642} INFO - Processing file /home/airflow/.local/lib/python3.7/site-packages/airflow/example_dags/tutorial_etl_dag.py for tasks to queue
[2022-02-19 17:58:29,391] {logging_mixin.py:109} INFO - [2022-02-19 17:58:29,391] {dagbag.py:500} INFO - Filling up the DagBag from /home/airflow/.local/lib/python3.7/site-packages/airflow/example_dags/tutorial_etl_dag.py
[2022-02-19 17:58:30,475] {processor.py:654} INFO - DAG(s) dict_keys(['tutorial_etl_dag']) retrieved from /home/airflow/.local/lib/python3.7/site-packages/airflow/example_dags/tutorial_etl_dag.py
[2022-02-19 17:58:30,777] {logging_mixin.py:109} INFO - [2022-02-19 17:58:30,777] {dag.py:2396} INFO - Sync 1 DAGs
[2022-02-19 17:58:31,269] {logging_mixin.py:109} INFO - [2022-02-19 17:58:31,269] {dag.py:2935} INFO - Setting next_dagrun for tutorial_etl_dag to None
[2022-02-19 17:58:31,425] {processor.py:171} INFO - Processing /home/airflow/.local/lib/python3.7/site-packages/airflow/example_dags/tutorial_etl_dag.py took 2.601 seconds
[2022-02-19 18:00:08,715] {processor.py:163} INFO - Started process (PID=136) to work on /home/airflow/.local/lib/python3.7/site-packages/airflow/example_dags/tutorial_etl_dag.py
[2022-02-19 18:00:08,770] {processor.py:642} INFO - Processing file /home/airflow/.local/lib/python3.7/site-packages/airflow/example_dags/tutorial_etl_dag.py for tasks to queue
[2022-02-19 18:00:08,805] {logging_mixin.py:109} INFO - [2022-02-19 18:00:08,805] {dagbag.py:500} INFO - Filling up the DagBag from /home/airflow/.local/lib/python3.7/site-packages/airflow/example_dags/tutorial_etl_dag.py
[2022-02-19 18:00:10,498] {processor.py:654} INFO - DAG(s) dict_keys(['tutorial_etl_dag']) retrieved from /home/airflow/.local/lib/python3.7/site-packages/airflow/example_dags/tutorial_etl_dag.py
[2022-02-19 18:00:10,971] {logging_mixin.py:109} INFO - [2022-02-19 18:00:10,971] {dag.py:2396} INFO - Sync 1 DAGs
[2022-02-19 18:00:11,505] {logging_mixin.py:109} INFO - [2022-02-19 18:00:11,505] {dag.py:2935} INFO - Setting next_dagrun for tutorial_etl_dag to None
[2022-02-19 18:00:11,830] {processor.py:171} INFO - Processing /home/airflow/.local/lib/python3.7/site-packages/airflow/example_dags/tutorial_etl_dag.py took 3.379 seconds
[2022-02-19 18:01:52,615] {processor.py:163} INFO - Started process (PID=194) to work on /home/airflow/.local/lib/python3.7/site-packages/airflow/example_dags/tutorial_etl_dag.py
[2022-02-19 18:01:52,636] {processor.py:642} INFO - Processing file /home/airflow/.local/lib/python3.7/site-packages/airflow/example_dags/tutorial_etl_dag.py for tasks to queue
[2022-02-19 18:01:52,640] {logging_mixin.py:109} INFO - [2022-02-19 18:01:52,640] {dagbag.py:500} INFO - Filling up the DagBag from /home/airflow/.local/lib/python3.7/site-packages/airflow/example_dags/tutorial_etl_dag.py
[2022-02-19 18:01:53,094] {processor.py:654} INFO - DAG(s) dict_keys(['tutorial_etl_dag']) retrieved from /home/airflow/.local/lib/python3.7/site-packages/airflow/example_dags/tutorial_etl_dag.py
[2022-02-19 18:01:53,282] {logging_mixin.py:109} INFO - [2022-02-19 18:01:53,282] {dag.py:2396} INFO - Sync 1 DAGs
[2022-02-19 18:01:54,365] {logging_mixin.py:109} INFO - [2022-02-19 18:01:54,150] {dag.py:2935} INFO - Setting next_dagrun for tutorial_etl_dag to None
[2022-02-19 18:01:54,510] {processor.py:171} INFO - Processing /home/airflow/.local/lib/python3.7/site-packages/airflow/example_dags/tutorial_etl_dag.py took 1.932 seconds
[2022-02-19 18:03:44,044] {processor.py:163} INFO - Started process (PID=251) to work on /home/airflow/.local/lib/python3.7/site-packages/airflow/example_dags/tutorial_etl_dag.py
[2022-02-19 18:03:44,128] {processor.py:642} INFO - Processing file /home/airflow/.local/lib/python3.7/site-packages/airflow/example_dags/tutorial_etl_dag.py for tasks to queue
[2022-02-19 18:03:44,148] {logging_mixin.py:109} INFO - [2022-02-19 18:03:44,143] {dagbag.py:500} INFO - Filling up the DagBag from /home/airflow/.local/lib/python3.7/site-packages/airflow/example_dags/tutorial_etl_dag.py
[2022-02-19 18:03:47,850] {processor.py:654} INFO - DAG(s) dict_keys(['tutorial_etl_dag']) retrieved from /home/airflow/.local/lib/python3.7/site-packages/airflow/example_dags/tutorial_etl_dag.py
[2022-02-19 18:03:49,500] {logging_mixin.py:109} INFO - [2022-02-19 18:03:49,500] {dag.py:2396} INFO - Sync 1 DAGs
[2022-02-19 18:03:50,420] {logging_mixin.py:109} INFO - [2022-02-19 18:03:50,403] {dag.py:2935} INFO - Setting next_dagrun for tutorial_etl_dag to None
[2022-02-19 18:03:50,827] {processor.py:171} INFO - Processing /home/airflow/.local/lib/python3.7/site-packages/airflow/example_dags/tutorial_etl_dag.py took 7.194 seconds
